<?xml version="1.0" encoding="UTF-8"?>
<testng-results skipped="0" failed="0" ignored="0" total="1" passed="1">
  <reporter-output>
  </reporter-output>
  <suite name="Command line suite" duration-ms="16" started-at="2020-06-05T12:58:28Z" finished-at="2020-06-05T12:58:28Z">
    <groups>
    </groups>
    <test name="Command line test" duration-ms="16" started-at="2020-06-05T12:58:28Z" finished-at="2020-06-05T12:58:28Z">
      <class name="mqaclickacademy.Mavenjava.AppTest">
        <test-method status="PASS" signature="testApp()[pri:0, instance:testApp(mqaclickacademy.Mavenjava.AppTest)]" name="testApp" duration-ms="0" started-at="2020-06-05T12:58:28Z" finished-at="2020-06-05T12:58:28Z">
          <reporter-output>
          </reporter-output>
        </test-method> <!-- testApp -->
      </class> <!-- mqaclickacademy.Mavenjava.AppTest -->
    </test> <!-- Command line test -->
  </suite> <!-- Command line suite -->
</testng-results>
