<?xml version="1.0" encoding="UTF-8"?>
<!-- Generated by org.testng.reporters.JUnitXMLReporter -->
<testsuite hostname="MADHAV-PC" ignored="0" name="Command line test" tests="6" failures="0" timestamp="05 Jun 2020 17:12:12 GMT" time="0.06" errors="0">
  <testcase name="IOSApps" time="0.009" classname="mqaclickacademy.Mavenjava.AppiumTest"/>
  <testcase name="nativeapp" time="0.001" classname="mqaclickacademy.Mavenjava.AppiumTest"/>
  <testcase name="deleteTwitter" time="0.001" classname="mqaclickacademy.Mavenjava.RESTAPITest"/>
  <testcase name="postJira" time="0.0" classname="mqaclickacademy.Mavenjava.RESTAPITest"/>
  <testcase name="BrowserAutomation" time="0.0" classname="mqaclickacademy.Mavenjava.SeleniumTest"/>
  <testcase name="elementsUi" time="0.0" classname="mqaclickacademy.Mavenjava.SeleniumTest"/>
</testsuite> <!-- Command line test -->
