<?xml version="1.0" encoding="UTF-8"?>
<testng-results skipped="0" failed="0" ignored="0" total="6" passed="6">
  <reporter-output>
  </reporter-output>
  <suite name="Command line suite" duration-ms="62" started-at="2020-06-05T12:58:27Z" finished-at="2020-06-05T12:58:28Z">
    <groups>
    </groups>
    <test name="Command line test" duration-ms="62" started-at="2020-06-05T12:58:27Z" finished-at="2020-06-05T12:58:28Z">
      <class name="mqaclickacademy.Mavenjava.AppiumTest">
        <test-method status="PASS" signature="IOSApps()[pri:0, instance:mqaclickacademy.Mavenjava.AppiumTest@7225790e]" name="IOSApps" duration-ms="15" started-at="2020-06-05T12:58:28Z" finished-at="2020-06-05T12:58:28Z">
          <reporter-output>
          </reporter-output>
        </test-method> <!-- IOSApps -->
        <test-method status="PASS" signature="nativeapp()[pri:0, instance:mqaclickacademy.Mavenjava.AppiumTest@7225790e]" name="nativeapp" duration-ms="0" started-at="2020-06-05T12:58:28Z" finished-at="2020-06-05T12:58:28Z">
          <reporter-output>
          </reporter-output>
        </test-method> <!-- nativeapp -->
      </class> <!-- mqaclickacademy.Mavenjava.AppiumTest -->
      <class name="mqaclickacademy.Mavenjava.RESTAPITest">
        <test-method status="PASS" signature="deleteTwitter()[pri:0, instance:mqaclickacademy.Mavenjava.RESTAPITest@54a097cc]" name="deleteTwitter" duration-ms="16" started-at="2020-06-05T12:58:28Z" finished-at="2020-06-05T12:58:28Z">
          <reporter-output>
          </reporter-output>
        </test-method> <!-- deleteTwitter -->
        <test-method status="PASS" signature="postJira()[pri:0, instance:mqaclickacademy.Mavenjava.RESTAPITest@54a097cc]" name="postJira" duration-ms="0" started-at="2020-06-05T12:58:28Z" finished-at="2020-06-05T12:58:28Z">
          <reporter-output>
          </reporter-output>
        </test-method> <!-- postJira -->
      </class> <!-- mqaclickacademy.Mavenjava.RESTAPITest -->
      <class name="mqaclickacademy.Mavenjava.SeleniumTest">
        <test-method status="PASS" signature="BrowserAutomation()[pri:0, instance:mqaclickacademy.Mavenjava.SeleniumTest@36f6e879]" name="BrowserAutomation" duration-ms="0" started-at="2020-06-05T12:58:28Z" finished-at="2020-06-05T12:58:28Z">
          <reporter-output>
          </reporter-output>
        </test-method> <!-- BrowserAutomation -->
        <test-method status="PASS" signature="elementsUi()[pri:0, instance:mqaclickacademy.Mavenjava.SeleniumTest@36f6e879]" name="elementsUi" duration-ms="0" started-at="2020-06-05T12:58:28Z" finished-at="2020-06-05T12:58:28Z">
          <reporter-output>
          </reporter-output>
        </test-method> <!-- elementsUi -->
      </class> <!-- mqaclickacademy.Mavenjava.SeleniumTest -->
    </test> <!-- Command line test -->
  </suite> <!-- Command line suite -->
</testng-results>
