<?xml version="1.0" encoding="UTF-8"?>
<!-- Generated by org.testng.reporters.JUnitXMLReporter -->
<testsuite hostname="MADHAV-PC" ignored="0" name="Test" tests="6" failures="0" timestamp="05 Jun 2020 17:13:06 GMT" time="0.056" errors="0">
  <testcase name="IOSApps" time="0.011" classname="mqaclickacademy.Mavenjava.AppiumTest"/>
  <testcase name="nativeapp" time="0.0" classname="mqaclickacademy.Mavenjava.AppiumTest"/>
  <testcase name="BrowserAutomation" time="0.001" classname="mqaclickacademy.Mavenjava.SeleniumTest"/>
  <testcase name="elementsUi" time="0.0" classname="mqaclickacademy.Mavenjava.SeleniumTest"/>
  <testcase name="deleteTwitter" time="0.001" classname="mqaclickacademy.Mavenjava.RESTAPITest"/>
  <testcase name="postJira" time="0.001" classname="mqaclickacademy.Mavenjava.RESTAPITest"/>
</testsuite> <!-- Test -->
